2024-02-07 23:11:14,803 [INFO] LogOutputStream:77 - [STDOUT_REDIRECT] 
2024-02-07 23:11:17,082 [INFO] ProjectBuilder:4747 - Time for Generating toolchain IDE Files: 3233mS.
2024-02-07 23:11:17,083 [INFO] ProjectBuilder:2947 - Time for Copy CMSIS : 0mS.
2024-02-07 23:11:17,084 [INFO] ProjectBuilder:2947 - Time for Copy CMSIS : 0mS.
2024-02-07 23:11:17,920 [INFO] McuFinderGlobals:76 - Set McuFinderConnectedMode to true
2024-02-07 23:11:17,923 [INFO] ApiDb:448 - Save user favorites file C:\Users\MSI/.stm32cubeide/favorites.mcus.txt: 1 item(s)
2024-02-07 23:11:17,924 [INFO] ApiDb:452 - User favorites MCUs=[STM32F407VGT6]
2024-02-07 23:11:17,924 [INFO] ApiDb:448 - Save user favorites file C:\Users\MSI/.stm32cubeide/favorites.boards.txt: 1 item(s)
2024-02-07 23:11:17,924 [INFO] ApiDb:452 - User favorites Boards=[NUCLEO-F401RE]
2024-02-07 23:11:52,220 [ERROR] LogOutputStream:75 - [STDERR_REDIRECT] java.lang.Error: no ComponentUI class for: com.st.microxplorer.plugins.ip.nvic.CheckBoxHeader[,0,0,0x0,invalid,alignmentX=0.0,alignmentY=0.0,border=,flags=0,maximumSize=,minimumSize=,preferredSize=,defaultIcon=,disabledIcon=,disabledSelectedIcon=,margin=null,paintBorder=true,paintFocus=true,pressedIcon=,rolloverEnabled=false,rolloverIcon=,rolloverSelectedIcon=,selectedIcon=,text=]
2024-02-07 23:11:52,221 [ERROR] LogOutputStream:75 - [STDERR_REDIRECT] 	at java.desktop/javax.swing.UIDefaults.getUIError(UIDefaults.java:763)
2024-02-07 23:11:52,222 [ERROR] LogOutputStream:75 - [STDERR_REDIRECT] 	at java.desktop/javax.swing.MultiUIDefaults.getUIError(MultiUIDefaults.java:144)
2024-02-07 23:11:52,222 [ERROR] LogOutputStream:75 - [STDERR_REDIRECT] 	at java.desktop/javax.swing.UIDefaults.getUI(UIDefaults.java:793)
2024-02-07 23:11:52,223 [ERROR] LogOutputStream:75 - [STDERR_REDIRECT] 	at java.desktop/javax.swing.UIManager.getUI(UIManager.java:1073)
2024-02-07 23:11:52,224 [ERROR] LogOutputStream:75 - [STDERR_REDIRECT] 	at java.desktop/javax.swing.JCheckBox.updateUI(JCheckBox.java:228)
2024-02-07 23:11:52,225 [ERROR] LogOutputStream:75 - [STDERR_REDIRECT] 	at java.desktop/javax.swing.AbstractButton.init(AbstractButton.java:2141)
2024-02-07 23:11:52,225 [ERROR] LogOutputStream:75 - [STDERR_REDIRECT] 	at java.desktop/javax.swing.JToggleButton.<init>(JToggleButton.java:187)
2024-02-07 23:11:52,226 [ERROR] LogOutputStream:75 - [STDERR_REDIRECT] 	at java.desktop/javax.swing.JCheckBox.<init>(JCheckBox.java:176)
2024-02-07 23:11:52,227 [ERROR] LogOutputStream:75 - [STDERR_REDIRECT] 	at java.desktop/javax.swing.JCheckBox.<init>(JCheckBox.java:97)
2024-02-07 23:11:52,228 [ERROR] LogOutputStream:75 - [STDERR_REDIRECT] 	at com.st.microxplorer.plugins.ip.nvic.CheckBoxHeader.<init>(CheckBoxHeader.java:55)
2024-02-07 23:11:52,229 [ERROR] LogOutputStream:75 - [STDERR_REDIRECT] 	at com.st.microxplorer.plugins.ip.nvic.NvicCodeSelectionTable.<init>(NvicCodeSelectionTable.java:75)
2024-02-07 23:11:52,230 [ERROR] LogOutputStream:75 - [STDERR_REDIRECT] 	at com.st.microxplorer.plugins.ip.nvic.NvicCodePanel.initComponents(NvicCodePanel.java:102)
2024-02-07 23:11:52,230 [ERROR] LogOutputStream:75 - [STDERR_REDIRECT] 	at com.st.microxplorer.plugins.ip.nvic.NvicCodePanel.<init>(NvicCodePanel.java:78)
2024-02-07 23:11:52,231 [ERROR] LogOutputStream:75 - [STDERR_REDIRECT] 	at com.st.microxplorer.plugins.ip.nvic.NvicTabbedPanel.<init>(NvicTabbedPanel.java:57)
2024-02-07 23:11:52,232 [ERROR] LogOutputStream:75 - [STDERR_REDIRECT] 	at com.st.microxplorer.plugins.ip.nvic.Nvic.getUI(Nvic.java:73)
2024-02-07 23:11:52,233 [ERROR] LogOutputStream:75 - [STDERR_REDIRECT] 	at com.st.microxplorer.plugins.ipmanager.gui.BlockDiagram.createIpPanel(BlockDiagram.java:421)
2024-02-07 23:11:52,234 [ERROR] LogOutputStream:75 - [STDERR_REDIRECT] 	at com.st.microxplorer.plugins.ipmanager.gui.BlockDiagram.getIPConfigPanel(BlockDiagram.java:559)
2024-02-07 23:11:52,235 [ERROR] LogOutputStream:75 - [STDERR_REDIRECT] 	at com.st.microxplorer.plugins.ipmanager.gui.BlockDiagram.getIPConfigPanel(BlockDiagram.java:465)
2024-02-07 23:11:52,236 [ERROR] LogOutputStream:75 - [STDERR_REDIRECT] 	at com.st.microxplorer.plugins.ipmanager.gui.BlockDiagram.propertyChange(BlockDiagram.java:1386)
2024-02-07 23:11:52,237 [ERROR] LogOutputStream:75 - [STDERR_REDIRECT] 	at java.desktop/java.beans.PropertyChangeSupport.fire(PropertyChangeSupport.java:343)
2024-02-07 23:11:52,238 [ERROR] LogOutputStream:75 - [STDERR_REDIRECT] 	at java.desktop/java.beans.PropertyChangeSupport.firePropertyChange(PropertyChangeSupport.java:335)
2024-02-07 23:11:52,239 [ERROR] LogOutputStream:75 - [STDERR_REDIRECT] 	at java.desktop/java.beans.PropertyChangeSupport.firePropertyChange(PropertyChangeSupport.java:268)
2024-02-07 23:11:52,240 [ERROR] LogOutputStream:75 - [STDERR_REDIRECT] 	at com.st.microxplorer.util.MXPropertyChangeSupport.firePropertyChange(MXPropertyChangeSupport.java:54)
2024-02-07 23:11:52,240 [ERROR] LogOutputStream:75 - [STDERR_REDIRECT] 	at com.st.microxplorer.mxsystem.MxSystem.firePropertyChange(MxSystem.java:358)
2024-02-07 23:11:52,241 [ERROR] LogOutputStream:75 - [STDERR_REDIRECT] 	at com.st.microxplorer.plugins.pinoutconfig.guiV5.PeripheralsSelectionPanel.selectIP(PeripheralsSelectionPanel.java:409)
2024-02-07 23:11:52,242 [ERROR] LogOutputStream:75 - [STDERR_REDIRECT] 	at com.st.microxplorer.plugins.pinoutconfig.guiV5.PeripheralsListListener.mouseClicked(PeripheralsListListener.java:103)
2024-02-07 23:11:52,243 [ERROR] LogOutputStream:75 - [STDERR_REDIRECT] 	at java.desktop/java.awt.AWTEventMulticaster.mouseClicked(AWTEventMulticaster.java:278)
2024-02-07 23:11:52,244 [ERROR] LogOutputStream:75 - [STDERR_REDIRECT] 	at java.desktop/java.awt.Component.processMouseEvent(Component.java:6629)
2024-02-07 23:11:52,245 [ERROR] LogOutputStream:75 - [STDERR_REDIRECT] 	at java.desktop/javax.swing.JComponent.processMouseEvent(JComponent.java:3389)
2024-02-07 23:11:52,245 [ERROR] LogOutputStream:75 - [STDERR_REDIRECT] 	at java.desktop/java.awt.Component.processEvent(Component.java:6391)
2024-02-07 23:11:52,246 [ERROR] LogOutputStream:75 - [STDERR_REDIRECT] 	at java.desktop/java.awt.Container.processEvent(Container.java:2266)
2024-02-07 23:11:52,247 [ERROR] LogOutputStream:75 - [STDERR_REDIRECT] 	at java.desktop/java.awt.Component.dispatchEventImpl(Component.java:5001)
2024-02-07 23:11:52,248 [ERROR] LogOutputStream:75 - [STDERR_REDIRECT] 	at java.desktop/java.awt.Container.dispatchEventImpl(Container.java:2324)
2024-02-07 23:11:52,249 [ERROR] LogOutputStream:75 - [STDERR_REDIRECT] 	at java.desktop/java.awt.Component.dispatchEvent(Component.java:4833)
2024-02-07 23:11:52,249 [ERROR] LogOutputStream:75 - [STDERR_REDIRECT] 	at java.desktop/java.awt.LightweightDispatcher.retargetMouseEvent(Container.java:4948)
2024-02-07 23:11:52,250 [ERROR] LogOutputStream:75 - [STDERR_REDIRECT] 	at java.desktop/java.awt.LightweightDispatcher.processMouseEvent(Container.java:4584)
2024-02-07 23:11:52,251 [ERROR] LogOutputStream:75 - [STDERR_REDIRECT] 	at java.desktop/java.awt.LightweightDispatcher.dispatchEvent(Container.java:4516)
2024-02-07 23:11:52,252 [ERROR] LogOutputStream:75 - [STDERR_REDIRECT] 	at java.desktop/java.awt.Container.dispatchEventImpl(Container.java:2310)
2024-02-07 23:11:52,252 [ERROR] LogOutputStream:75 - [STDERR_REDIRECT] 	at java.desktop/java.awt.Component.dispatchEvent(Component.java:4833)
2024-02-07 23:11:52,253 [ERROR] LogOutputStream:75 - [STDERR_REDIRECT] 	at java.desktop/java.awt.EventQueue.dispatchEventImpl(EventQueue.java:775)
2024-02-07 23:11:52,254 [ERROR] LogOutputStream:75 - [STDERR_REDIRECT] 	at java.desktop/java.awt.EventQueue$4.run(EventQueue.java:720)
2024-02-07 23:11:52,254 [ERROR] LogOutputStream:75 - [STDERR_REDIRECT] 	at java.desktop/java.awt.EventQueue$4.run(EventQueue.java:714)
2024-02-07 23:11:52,255 [ERROR] LogOutputStream:75 - [STDERR_REDIRECT] 	at java.base/java.security.AccessController.doPrivileged(AccessController.java:399)
2024-02-07 23:11:52,256 [ERROR] LogOutputStream:75 - [STDERR_REDIRECT] 	at java.base/java.security.ProtectionDomain$JavaSecurityAccessImpl.doIntersectionPrivilege(ProtectionDomain.java:86)
2024-02-07 23:11:52,257 [ERROR] LogOutputStream:75 - [STDERR_REDIRECT] 	at java.base/java.security.ProtectionDomain$JavaSecurityAccessImpl.doIntersectionPrivilege(ProtectionDomain.java:97)
2024-02-07 23:11:52,258 [ERROR] LogOutputStream:75 - [STDERR_REDIRECT] 	at java.desktop/java.awt.EventQueue$5.run(EventQueue.java:747)
2024-02-07 23:11:52,259 [ERROR] LogOutputStream:75 - [STDERR_REDIRECT] 	at java.desktop/java.awt.EventQueue$5.run(EventQueue.java:745)
2024-02-07 23:11:52,259 [ERROR] LogOutputStream:75 - [STDERR_REDIRECT] 	at java.base/java.security.AccessController.doPrivileged(AccessController.java:399)
2024-02-07 23:11:52,261 [ERROR] LogOutputStream:75 - [STDERR_REDIRECT] 	at java.base/java.security.ProtectionDomain$JavaSecurityAccessImpl.doIntersectionPrivilege(ProtectionDomain.java:86)
2024-02-07 23:11:52,261 [ERROR] LogOutputStream:75 - [STDERR_REDIRECT] 	at java.desktop/java.awt.EventQueue.dispatchEvent(EventQueue.java:744)
2024-02-07 23:11:52,262 [ERROR] LogOutputStream:75 - [STDERR_REDIRECT] 	at java.desktop/java.awt.EventDispatchThread.pumpOneEventForFilters(EventDispatchThread.java:203)
2024-02-07 23:11:52,263 [ERROR] LogOutputStream:75 - [STDERR_REDIRECT] 	at java.desktop/java.awt.EventDispatchThread.pumpEventsForFilter(EventDispatchThread.java:124)
2024-02-07 23:11:52,264 [ERROR] LogOutputStream:75 - [STDERR_REDIRECT] 	at java.desktop/java.awt.EventDispatchThread.pumpEventsForHierarchy(EventDispatchThread.java:113)
2024-02-07 23:11:52,265 [ERROR] LogOutputStream:75 - [STDERR_REDIRECT] 	at java.desktop/java.awt.EventDispatchThread.pumpEvents(EventDispatchThread.java:109)
2024-02-07 23:11:52,266 [ERROR] LogOutputStream:75 - [STDERR_REDIRECT] 	at java.desktop/java.awt.EventDispatchThread.pumpEvents(EventDispatchThread.java:101)
2024-02-07 23:11:52,267 [ERROR] LogOutputStream:75 - [STDERR_REDIRECT] 	at java.desktop/java.awt.EventDispatchThread.run(EventDispatchThread.java:90)
2024-02-07 23:11:52,271 [ERROR] LogOutputStream:75 - [STDERR_REDIRECT] java.lang.Error: no ComponentUI class for: com.st.microxplorer.plugins.ip.nvic.CheckBoxHeader[,0,0,0x0,invalid,alignmentX=0.0,alignmentY=0.0,border=,flags=0,maximumSize=,minimumSize=,preferredSize=,defaultIcon=,disabledIcon=,disabledSelectedIcon=,margin=null,paintBorder=true,paintFocus=true,pressedIcon=,rolloverEnabled=false,rolloverIcon=,rolloverSelectedIcon=,selectedIcon=,text=]
2024-02-07 23:11:52,272 [ERROR] LogOutputStream:75 - [STDERR_REDIRECT] 	at java.desktop/javax.swing.UIDefaults.getUIError(UIDefaults.java:763)
2024-02-07 23:11:52,273 [ERROR] LogOutputStream:75 - [STDERR_REDIRECT] 	at java.desktop/javax.swing.MultiUIDefaults.getUIError(MultiUIDefaults.java:144)
2024-02-07 23:11:52,273 [ERROR] LogOutputStream:75 - [STDERR_REDIRECT] 	at java.desktop/javax.swing.UIDefaults.getUI(UIDefaults.java:793)
2024-02-07 23:11:52,274 [ERROR] LogOutputStream:75 - [STDERR_REDIRECT] 	at java.desktop/javax.swing.UIManager.getUI(UIManager.java:1073)
2024-02-07 23:11:52,275 [ERROR] LogOutputStream:75 - [STDERR_REDIRECT] 	at java.desktop/javax.swing.JCheckBox.updateUI(JCheckBox.java:228)
2024-02-07 23:11:52,275 [ERROR] LogOutputStream:75 - [STDERR_REDIRECT] 	at java.desktop/javax.swing.AbstractButton.init(AbstractButton.java:2141)
2024-02-07 23:11:52,276 [ERROR] LogOutputStream:75 - [STDERR_REDIRECT] 	at java.desktop/javax.swing.JToggleButton.<init>(JToggleButton.java:187)
2024-02-07 23:11:52,277 [ERROR] LogOutputStream:75 - [STDERR_REDIRECT] 	at java.desktop/javax.swing.JCheckBox.<init>(JCheckBox.java:176)
2024-02-07 23:11:52,278 [ERROR] LogOutputStream:75 - [STDERR_REDIRECT] 	at java.desktop/javax.swing.JCheckBox.<init>(JCheckBox.java:97)
2024-02-07 23:11:52,278 [ERROR] LogOutputStream:75 - [STDERR_REDIRECT] 	at com.st.microxplorer.plugins.ip.nvic.CheckBoxHeader.<init>(CheckBoxHeader.java:55)
2024-02-07 23:11:52,279 [ERROR] LogOutputStream:75 - [STDERR_REDIRECT] 	at com.st.microxplorer.plugins.ip.nvic.NvicCodeSelectionTable.<init>(NvicCodeSelectionTable.java:78)
2024-02-07 23:11:52,280 [ERROR] LogOutputStream:75 - [STDERR_REDIRECT] 	at com.st.microxplorer.plugins.ip.nvic.NvicCodePanel.initComponents(NvicCodePanel.java:102)
2024-02-07 23:11:52,281 [ERROR] LogOutputStream:75 - [STDERR_REDIRECT] 	at com.st.microxplorer.plugins.ip.nvic.NvicCodePanel.<init>(NvicCodePanel.java:78)
2024-02-07 23:11:52,282 [ERROR] LogOutputStream:75 - [STDERR_REDIRECT] 	at com.st.microxplorer.plugins.ip.nvic.NvicTabbedPanel.<init>(NvicTabbedPanel.java:57)
2024-02-07 23:11:52,282 [ERROR] LogOutputStream:75 - [STDERR_REDIRECT] 	at com.st.microxplorer.plugins.ip.nvic.Nvic.getUI(Nvic.java:73)
2024-02-07 23:11:52,283 [ERROR] LogOutputStream:75 - [STDERR_REDIRECT] 	at com.st.microxplorer.plugins.ipmanager.gui.BlockDiagram.createIpPanel(BlockDiagram.java:421)
2024-02-07 23:11:52,284 [ERROR] LogOutputStream:75 - [STDERR_REDIRECT] 	at com.st.microxplorer.plugins.ipmanager.gui.BlockDiagram.getIPConfigPanel(BlockDiagram.java:559)
2024-02-07 23:11:52,285 [ERROR] LogOutputStream:75 - [STDERR_REDIRECT] 	at com.st.microxplorer.plugins.ipmanager.gui.BlockDiagram.getIPConfigPanel(BlockDiagram.java:465)
2024-02-07 23:11:52,286 [ERROR] LogOutputStream:75 - [STDERR_REDIRECT] 	at com.st.microxplorer.plugins.ipmanager.gui.BlockDiagram.propertyChange(BlockDiagram.java:1386)
2024-02-07 23:11:52,287 [ERROR] LogOutputStream:75 - [STDERR_REDIRECT] 	at java.desktop/java.beans.PropertyChangeSupport.fire(PropertyChangeSupport.java:343)
2024-02-07 23:11:52,287 [ERROR] LogOutputStream:75 - [STDERR_REDIRECT] 	at java.desktop/java.beans.PropertyChangeSupport.firePropertyChange(PropertyChangeSupport.java:335)
2024-02-07 23:11:52,288 [ERROR] LogOutputStream:75 - [STDERR_REDIRECT] 	at java.desktop/java.beans.PropertyChangeSupport.firePropertyChange(PropertyChangeSupport.java:268)
2024-02-07 23:11:52,289 [ERROR] LogOutputStream:75 - [STDERR_REDIRECT] 	at com.st.microxplorer.util.MXPropertyChangeSupport.firePropertyChange(MXPropertyChangeSupport.java:54)
2024-02-07 23:11:52,290 [ERROR] LogOutputStream:75 - [STDERR_REDIRECT] 	at com.st.microxplorer.mxsystem.MxSystem.firePropertyChange(MxSystem.java:358)
2024-02-07 23:11:52,291 [ERROR] LogOutputStream:75 - [STDERR_REDIRECT] 	at com.st.microxplorer.plugins.pinoutconfig.guiV5.PeripheralsSelectionPanel.selectIP(PeripheralsSelectionPanel.java:409)
2024-02-07 23:11:52,292 [ERROR] LogOutputStream:75 - [STDERR_REDIRECT] 	at com.st.microxplorer.plugins.pinoutconfig.guiV5.PeripheralsListListener.mouseClicked(PeripheralsListListener.java:103)
2024-02-07 23:11:52,293 [ERROR] LogOutputStream:75 - [STDERR_REDIRECT] 	at java.desktop/java.awt.AWTEventMulticaster.mouseClicked(AWTEventMulticaster.java:278)
2024-02-07 23:11:52,294 [ERROR] LogOutputStream:75 - [STDERR_REDIRECT] 	at java.desktop/java.awt.Component.processMouseEvent(Component.java:6629)
2024-02-07 23:11:52,294 [ERROR] LogOutputStream:75 - [STDERR_REDIRECT] 	at java.desktop/javax.swing.JComponent.processMouseEvent(JComponent.java:3389)
2024-02-07 23:11:52,295 [ERROR] LogOutputStream:75 - [STDERR_REDIRECT] 	at java.desktop/java.awt.Component.processEvent(Component.java:6391)
2024-02-07 23:11:52,296 [ERROR] LogOutputStream:75 - [STDERR_REDIRECT] 	at java.desktop/java.awt.Container.processEvent(Container.java:2266)
2024-02-07 23:11:52,296 [ERROR] LogOutputStream:75 - [STDERR_REDIRECT] 	at java.desktop/java.awt.Component.dispatchEventImpl(Component.java:5001)
2024-02-07 23:11:52,297 [ERROR] LogOutputStream:75 - [STDERR_REDIRECT] 	at java.desktop/java.awt.Container.dispatchEventImpl(Container.java:2324)
2024-02-07 23:11:52,298 [ERROR] LogOutputStream:75 - [STDERR_REDIRECT] 	at java.desktop/java.awt.Component.dispatchEvent(Component.java:4833)
2024-02-07 23:11:52,298 [ERROR] LogOutputStream:75 - [STDERR_REDIRECT] 	at java.desktop/java.awt.LightweightDispatcher.retargetMouseEvent(Container.java:4948)
2024-02-07 23:11:52,299 [ERROR] LogOutputStream:75 - [STDERR_REDIRECT] 	at java.desktop/java.awt.LightweightDispatcher.processMouseEvent(Container.java:4584)
2024-02-07 23:11:52,300 [ERROR] LogOutputStream:75 - [STDERR_REDIRECT] 	at java.desktop/java.awt.LightweightDispatcher.dispatchEvent(Container.java:4516)
2024-02-07 23:11:52,301 [ERROR] LogOutputStream:75 - [STDERR_REDIRECT] 	at java.desktop/java.awt.Container.dispatchEventImpl(Container.java:2310)
2024-02-07 23:11:52,301 [ERROR] LogOutputStream:75 - [STDERR_REDIRECT] 	at java.desktop/java.awt.Component.dispatchEvent(Component.java:4833)
2024-02-07 23:11:52,302 [ERROR] LogOutputStream:75 - [STDERR_REDIRECT] 	at java.desktop/java.awt.EventQueue.dispatchEventImpl(EventQueue.java:775)
2024-02-07 23:11:52,303 [ERROR] LogOutputStream:75 - [STDERR_REDIRECT] 	at java.desktop/java.awt.EventQueue$4.run(EventQueue.java:720)
2024-02-07 23:11:52,303 [ERROR] LogOutputStream:75 - [STDERR_REDIRECT] 	at java.desktop/java.awt.EventQueue$4.run(EventQueue.java:714)
2024-02-07 23:11:52,304 [ERROR] LogOutputStream:75 - [STDERR_REDIRECT] 	at java.base/java.security.AccessController.doPrivileged(AccessController.java:399)
2024-02-07 23:11:52,305 [ERROR] LogOutputStream:75 - [STDERR_REDIRECT] 	at java.base/java.security.ProtectionDomain$JavaSecurityAccessImpl.doIntersectionPrivilege(ProtectionDomain.java:86)
2024-02-07 23:11:52,306 [ERROR] LogOutputStream:75 - [STDERR_REDIRECT] 	at java.base/java.security.ProtectionDomain$JavaSecurityAccessImpl.doIntersectionPrivilege(ProtectionDomain.java:97)
2024-02-07 23:11:52,306 [ERROR] LogOutputStream:75 - [STDERR_REDIRECT] 	at java.desktop/java.awt.EventQueue$5.run(EventQueue.java:747)
2024-02-07 23:11:52,307 [ERROR] LogOutputStream:75 - [STDERR_REDIRECT] 	at java.desktop/java.awt.EventQueue$5.run(EventQueue.java:745)
2024-02-07 23:11:52,308 [ERROR] LogOutputStream:75 - [STDERR_REDIRECT] 	at java.base/java.security.AccessController.doPrivileged(AccessController.java:399)
2024-02-07 23:11:52,309 [ERROR] LogOutputStream:75 - [STDERR_REDIRECT] 	at java.base/java.security.ProtectionDomain$JavaSecurityAccessImpl.doIntersectionPrivilege(ProtectionDomain.java:86)
2024-02-07 23:11:52,310 [ERROR] LogOutputStream:75 - [STDERR_REDIRECT] 	at java.desktop/java.awt.EventQueue.dispatchEvent(EventQueue.java:744)
2024-02-07 23:11:52,310 [ERROR] LogOutputStream:75 - [STDERR_REDIRECT] 	at java.desktop/java.awt.EventDispatchThread.pumpOneEventForFilters(EventDispatchThread.java:203)
2024-02-07 23:11:52,311 [ERROR] LogOutputStream:75 - [STDERR_REDIRECT] 	at java.desktop/java.awt.EventDispatchThread.pumpEventsForFilter(EventDispatchThread.java:124)
2024-02-07 23:11:52,312 [ERROR] LogOutputStream:75 - [STDERR_REDIRECT] 	at java.desktop/java.awt.EventDispatchThread.pumpEventsForHierarchy(EventDispatchThread.java:113)
2024-02-07 23:11:52,313 [ERROR] LogOutputStream:75 - [STDERR_REDIRECT] 	at java.desktop/java.awt.EventDispatchThread.pumpEvents(EventDispatchThread.java:109)
2024-02-07 23:11:52,314 [ERROR] LogOutputStream:75 - [STDERR_REDIRECT] 	at java.desktop/java.awt.EventDispatchThread.pumpEvents(EventDispatchThread.java:101)
2024-02-07 23:11:52,314 [ERROR] LogOutputStream:75 - [STDERR_REDIRECT] 	at java.desktop/java.awt.EventDispatchThread.run(EventDispatchThread.java:90)
2024-02-07 23:12:03,192 [INFO] UtilMem:75 - End SaveConfig() Used Memory: 475108712 Bytes (1073741824)
2024-02-07 23:12:07,483 [INFO] UtilMem:75 - End SaveConfig() Used Memory: 496084984 Bytes (1073741824)
2024-02-07 23:12:11,229 [INFO] UtilMem:75 - End SaveConfig() Used Memory: 533306728 Bytes (1073741824)
2024-02-07 23:12:11,330 [INFO] BlockDiagram:2759 - set Specific Code input for plugin: NVIC
2024-02-07 23:12:11,330 [INFO] BlockDiagram:2759 - set Specific Code input for plugin: GPIO
2024-02-07 23:12:11,330 [INFO] BlockDiagram:2759 - set Specific Code input for plugin: RCC
2024-02-07 23:12:11,331 [INFO] CodeGenerator:807 - code generatio: config db path: C:\ST\STM32CubeIDE_1.14.1\STM32CubeIDE\plugins\com.st.stm32cube.common.mx_6.10.0.202311202037\\db\
2024-02-07 23:12:11,405 [INFO] CodeEngine:255 - oldGeneratedFile, C:\Users\MSI\STM32CubeIDE\workspace_1.14.1\INTERREPT\MXTmpFiles\license.tmp_save
2024-02-07 23:12:11,476 [INFO] CodeEngine:279 - Generated code: C:\Users\MSI\STM32CubeIDE\workspace_1.14.1\INTERREPT\MXTmpFiles\license.tmp
2024-02-07 23:12:11,485 [INFO] CodeEngine:255 - oldGeneratedFile, C:\Users\MSI\STM32CubeIDE\workspace_1.14.1\INTERREPT\MXTmpFiles\gpio.tmp_save
2024-02-07 23:12:11,566 [INFO] CodeEngine:279 - Generated code: C:\Users\MSI\STM32CubeIDE\workspace_1.14.1\INTERREPT\MXTmpFiles\gpio.tmp
2024-02-07 23:12:11,579 [INFO] CodeEngine:255 - oldGeneratedFile, C:\Users\MSI\STM32CubeIDE\workspace_1.14.1\INTERREPT\Core\Src\stm32f4xx_it.c_save
2024-02-07 23:12:11,669 [INFO] CodeEngine:279 - Generated code: C:\Users\MSI\STM32CubeIDE\workspace_1.14.1\INTERREPT\Core\Src\stm32f4xx_it.c
2024-02-07 23:12:11,680 [INFO] CodeEngine:255 - oldGeneratedFile, C:\Users\MSI\STM32CubeIDE\workspace_1.14.1\INTERREPT\Core\Inc\stm32f4xx_it.h_save
2024-02-07 23:12:11,735 [INFO] CodeEngine:279 - Generated code: C:\Users\MSI\STM32CubeIDE\workspace_1.14.1\INTERREPT\Core\Inc\stm32f4xx_it.h
2024-02-07 23:12:11,749 [INFO] CodeEngine:255 - oldGeneratedFile, C:\Users\MSI\STM32CubeIDE\workspace_1.14.1\INTERREPT\Core\Src\stm32f4xx_hal_msp.c_save
2024-02-07 23:12:11,803 [INFO] CodeEngine:279 - Generated code: C:\Users\MSI\STM32CubeIDE\workspace_1.14.1\INTERREPT\Core\Src\stm32f4xx_hal_msp.c
2024-02-07 23:12:11,805 [INFO] CodeEngine:255 - oldGeneratedFile, C:\Users\MSI\STM32CubeIDE\workspace_1.14.1\INTERREPT\MXTmpFiles\system.tmp_save
2024-02-07 23:12:11,847 [INFO] CodeEngine:279 - Generated code: C:\Users\MSI\STM32CubeIDE\workspace_1.14.1\INTERREPT\MXTmpFiles\system.tmp
2024-02-07 23:12:11,858 [INFO] CodeEngine:311 - oldGeneratedFile, C:\Users\MSI\STM32CubeIDE\workspace_1.14.1\INTERREPT\Core\Inc\stm32f4xx_hal_conf.h_save
2024-02-07 23:12:11,931 [INFO] CodeEngine:335 - Generated code: C:\Users\MSI\STM32CubeIDE\workspace_1.14.1\INTERREPT\Core\Inc\stm32f4xx_hal_conf.h
2024-02-07 23:12:11,960 [INFO] CodeEngine:255 - oldGeneratedFile, C:\Users\MSI\STM32CubeIDE\workspace_1.14.1\INTERREPT\Core\Inc\main.h_save
2024-02-07 23:12:12,030 [INFO] CodeEngine:279 - Generated code: C:\Users\MSI\STM32CubeIDE\workspace_1.14.1\INTERREPT\Core\Inc\main.h
2024-02-07 23:12:12,039 [INFO] CodeEngine:255 - oldGeneratedFile, C:\Users\MSI\STM32CubeIDE\workspace_1.14.1\INTERREPT\Core\Src\main.c_save
2024-02-07 23:12:12,117 [INFO] CodeEngine:279 - Generated code: C:\Users\MSI\STM32CubeIDE\workspace_1.14.1\INTERREPT\Core\Src\main.c
2024-02-07 23:12:12,390 [INFO] ProjectBuilder:3076 - Time for Copy HAL[1] : 76mS.
2024-02-07 23:12:12,392 [INFO] ProjectBuilder:4485 - Project Generator version: 4.2.0-B44
2024-02-07 23:12:12,621 [INFO] ConfigFileManager:1495 - The Die is : DIE433
2024-02-07 23:12:13,680 [INFO] ProjectBuilder:4747 - Time for Generating toolchain IDE Files: 1288mS.
2024-02-07 23:12:13,681 [INFO] ProjectBuilder:2947 - Time for Copy CMSIS : 1mS.
2024-02-07 23:12:13,682 [INFO] ProjectBuilder:2947 - Time for Copy CMSIS : 0mS.
